  Projekt.c
C:\Users\Korisnik\Desktop\Strukture\Strukture_Projekt\Strukture_Projekt\Projekt.c(122,35): warning C4047: 'function': 'UPosition *' differs in levels of indirection from 'UPosition'
C:\Users\Korisnik\Desktop\Strukture\Strukture_Projekt\Strukture_Projekt\Projekt.c(122,30): warning C4024: 'add_user': different types for formal and actual parameter 1
C:\Users\Korisnik\Desktop\Strukture\Strukture_Projekt\Strukture_Projekt\Projekt.c(123,46): warning C4047: 'function': 'char **' differs in levels of indirection from 'char [6]'
C:\Users\Korisnik\Desktop\Strukture\Strukture_Projekt\Strukture_Projekt\Projekt.c(123,39): warning C4024: 'borrow_book': different types for formal and actual parameter 3
C:\Users\Korisnik\Desktop\Strukture\Strukture_Projekt\Strukture_Projekt\Projekt.c(123,54): warning C4047: 'function': 'char **' differs in levels of indirection from 'char [5]'
C:\Users\Korisnik\Desktop\Strukture\Strukture_Projekt\Strukture_Projekt\Projekt.c(123,48): warning C4024: 'borrow_book': different types for formal and actual parameter 4
C:\Users\Korisnik\Desktop\Strukture\Strukture_Projekt\Strukture_Projekt\Projekt.c(124,46): warning C4047: 'function': 'char **' differs in levels of indirection from 'char [6]'
C:\Users\Korisnik\Desktop\Strukture\Strukture_Projekt\Strukture_Projekt\Projekt.c(124,39): warning C4024: 'borrow_book': different types for formal and actual parameter 3
C:\Users\Korisnik\Desktop\Strukture\Strukture_Projekt\Strukture_Projekt\Projekt.c(124,72): warning C4047: 'function': 'char **' differs in levels of indirection from 'char [23]'
C:\Users\Korisnik\Desktop\Strukture\Strukture_Projekt\Strukture_Projekt\Projekt.c(124,48): warning C4024: 'borrow_book': different types for formal and actual parameter 4
C:\Users\Korisnik\Desktop\Strukture\Strukture_Projekt\Strukture_Projekt\Projekt.c(125,46): warning C4047: 'function': 'char **' differs in levels of indirection from 'char [6]'
C:\Users\Korisnik\Desktop\Strukture\Strukture_Projekt\Strukture_Projekt\Projekt.c(125,39): warning C4024: 'borrow_book': different types for formal and actual parameter 3
C:\Users\Korisnik\Desktop\Strukture\Strukture_Projekt\Strukture_Projekt\Projekt.c(125,71): warning C4047: 'function': 'char **' differs in levels of indirection from 'char [22]'
C:\Users\Korisnik\Desktop\Strukture\Strukture_Projekt\Strukture_Projekt\Projekt.c(125,48): warning C4024: 'borrow_book': different types for formal and actual parameter 4
C:\Users\Korisnik\Desktop\Strukture\Strukture_Projekt\Strukture_Projekt\Projekt.c(126,46): warning C4047: 'function': 'char **' differs in levels of indirection from 'char [6]'
C:\Users\Korisnik\Desktop\Strukture\Strukture_Projekt\Strukture_Projekt\Projekt.c(126,39): warning C4024: 'borrow_book': different types for formal and actual parameter 3
C:\Users\Korisnik\Desktop\Strukture\Strukture_Projekt\Strukture_Projekt\Projekt.c(126,71): warning C4047: 'function': 'char **' differs in levels of indirection from 'char [22]'
C:\Users\Korisnik\Desktop\Strukture\Strukture_Projekt\Strukture_Projekt\Projekt.c(126,48): warning C4024: 'borrow_book': different types for formal and actual parameter 4
C:\Users\Korisnik\Desktop\Strukture\Strukture_Projekt\Strukture_Projekt\Projekt.c(127,46): warning C4047: 'function': 'char **' differs in levels of indirection from 'char [6]'
C:\Users\Korisnik\Desktop\Strukture\Strukture_Projekt\Strukture_Projekt\Projekt.c(127,39): warning C4024: 'borrow_book': different types for formal and actual parameter 3
C:\Users\Korisnik\Desktop\Strukture\Strukture_Projekt\Strukture_Projekt\Projekt.c(127,73): warning C4047: 'function': 'char **' differs in levels of indirection from 'char [24]'
C:\Users\Korisnik\Desktop\Strukture\Strukture_Projekt\Strukture_Projekt\Projekt.c(127,48): warning C4024: 'borrow_book': different types for formal and actual parameter 4
C:\Users\Korisnik\Desktop\Strukture\Strukture_Projekt\Strukture_Projekt\Projekt.c(131,35): warning C4047: 'function': 'UPosition *' differs in levels of indirection from 'UPosition'
C:\Users\Korisnik\Desktop\Strukture\Strukture_Projekt\Strukture_Projekt\Projekt.c(131,30): warning C4024: 'add_user': different types for formal and actual parameter 1
C:\Users\Korisnik\Desktop\Strukture\Strukture_Projekt\Strukture_Projekt\Projekt.c(132,44): warning C4047: 'function': 'char **' differs in levels of indirection from 'char [4]'
C:\Users\Korisnik\Desktop\Strukture\Strukture_Projekt\Strukture_Projekt\Projekt.c(132,39): warning C4024: 'borrow_book': different types for formal and actual parameter 3
C:\Users\Korisnik\Desktop\Strukture\Strukture_Projekt\Strukture_Projekt\Projekt.c(132,52): warning C4047: 'function': 'char **' differs in levels of indirection from 'char [5]'
C:\Users\Korisnik\Desktop\Strukture\Strukture_Projekt\Strukture_Projekt\Projekt.c(132,46): warning C4024: 'borrow_book': different types for formal and actual parameter 4
C:\Users\Korisnik\Desktop\Strukture\Strukture_Projekt\Strukture_Projekt\Projekt.c(136,35): warning C4047: 'function': 'UPosition *' differs in levels of indirection from 'UPosition'
C:\Users\Korisnik\Desktop\Strukture\Strukture_Projekt\Strukture_Projekt\Projekt.c(136,30): warning C4024: 'add_user': different types for formal and actual parameter 1
C:\Users\Korisnik\Desktop\Strukture\Strukture_Projekt\Strukture_Projekt\Projekt.c(137,48): warning C4047: 'function': 'char **' differs in levels of indirection from 'char [8]'
C:\Users\Korisnik\Desktop\Strukture\Strukture_Projekt\Strukture_Projekt\Projekt.c(137,39): warning C4024: 'borrow_book': different types for formal and actual parameter 3
C:\Users\Korisnik\Desktop\Strukture\Strukture_Projekt\Strukture_Projekt\Projekt.c(137,56): warning C4047: 'function': 'char **' differs in levels of indirection from 'char [5]'
C:\Users\Korisnik\Desktop\Strukture\Strukture_Projekt\Strukture_Projekt\Projekt.c(137,50): warning C4024: 'borrow_book': different types for formal and actual parameter 4
C:\Users\Korisnik\Desktop\Strukture\Strukture_Projekt\Strukture_Projekt\Projekt.c(141,46): warning C4047: 'function': 'char **' differs in levels of indirection from 'char [6]'
C:\Users\Korisnik\Desktop\Strukture\Strukture_Projekt\Strukture_Projekt\Projekt.c(141,39): warning C4024: 'borrow_book': different types for formal and actual parameter 3
C:\Users\Korisnik\Desktop\Strukture\Strukture_Projekt\Strukture_Projekt\Projekt.c(141,74): warning C4047: 'function': 'char **' differs in levels of indirection from 'char [25]'
C:\Users\Korisnik\Desktop\Strukture\Strukture_Projekt\Strukture_Projekt\Projekt.c(141,48): warning C4024: 'borrow_book': different types for formal and actual parameter 4
C:\Users\Korisnik\Desktop\Strukture\Strukture_Projekt\Strukture_Projekt\Projekt.c(186,26): warning C4047: '=': 'UPosition' differs in levels of indirection from 'UPosition *'
C:\Users\Korisnik\Desktop\Strukture\Strukture_Projekt\Strukture_Projekt\Projekt.c(188,20): warning C4047: '=': 'UPosition *' differs in levels of indirection from 'UPosition'
C:\Users\Korisnik\Desktop\Strukture\Strukture_Projekt\Strukture_Projekt\Projekt.c(189,16): warning C4047: 'return': 'UPosition' differs in levels of indirection from 'UPosition *'
C:\Users\Korisnik\Desktop\Strukture\Strukture_Projekt\Strukture_Projekt\Projekt.c(313,63): warning C4028: formal parameter 3 different from declaration
C:\Users\Korisnik\Desktop\Strukture\Strukture_Projekt\Strukture_Projekt\Projekt.c(313,85): warning C4028: formal parameter 4 different from declaration
C:\Users\Korisnik\Desktop\Strukture\Strukture_Projekt\Strukture_Projekt\Projekt.c(315,66): warning C4090: 'function': different 'const' qualifiers
C:\Users\Korisnik\Desktop\Strukture\Strukture_Projekt\Strukture_Projekt\Projekt.c(323,56): warning C4090: 'function': different 'const' qualifiers
C:\Users\Korisnik\Desktop\Strukture\Strukture_Projekt\Strukture_Projekt\Projekt.c(330,58): warning C4013: 'books_borrowed_count' undefined; assuming extern returning int
C:\Users\Korisnik\Desktop\Strukture\Strukture_Projekt\Strukture_Projekt\Projekt.c(361,58): warning C4028: formal parameter 2 different from declaration
C:\Users\Korisnik\Desktop\Strukture\Strukture_Projekt\Strukture_Projekt\Projekt.c(373,49): warning C4028: formal parameter 2 different from declaration
C:\Users\Korisnik\Desktop\Strukture\Strukture_Projekt\Strukture_Projekt\Projekt.c(383,32): warning C4090: 'function': different 'const' qualifiers
C:\Users\Korisnik\Desktop\Strukture\Strukture_Projekt\Strukture_Projekt\Projekt.c(206): warning C4715: 'add_book': not all control paths return a value
C:\Users\Korisnik\Desktop\Strukture\Strukture_Projekt\Strukture_Projekt\Projekt.c(225): warning C4715: 'load_books': not all control paths return a value
C:\Users\Korisnik\Desktop\Strukture\Strukture_Projekt\Strukture_Projekt\Projekt.c(310): warning C4716: 'insert_book_sorted': must return a value
C:\Users\Korisnik\Desktop\Strukture\Strukture_Projekt\Strukture_Projekt\Projekt.c(288): warning C4716: 'print_books_and_borrowers': must return a value
C:\Users\Korisnik\Desktop\Strukture\Strukture_Projekt\Strukture_Projekt\Projekt.c(411): warning C4716: 'search_books_by_year': must return a value
C:\Users\Korisnik\Desktop\Strukture\Strukture_Projekt\Strukture_Projekt\Projekt.c(428): warning C4716: 'search_books_by_author': must return a value
C:\Users\Korisnik\Desktop\Strukture\Strukture_Projekt\Strukture_Projekt\Projekt.c(457): warning C4716: 'print_users_alphabetically': must return a value
C:\Users\Korisnik\Desktop\Strukture\Strukture_Projekt\Strukture_Projekt\Projekt.c(494): warning C4716: 'insert_user_sorted': must return a value
  Strukture_Projekt.vcxproj -> C:\Users\Korisnik\Desktop\Strukture\Strukture_Projekt\Debug\Strukture_Projekt.exe
